#-----------------------------------------------------------
# Vivado v2018.2 (64-bit)
# SW Build 2258646 on Thu Jun 14 20:03:12 MDT 2018
# IP Build 2256618 on Thu Jun 14 22:10:49 MDT 2018
# Start of session at: Sat May 21 19:50:34 2022
# Process ID: 11132
# Current directory: C:/Users/Ziyueshi/Desktop/dig_clocklpx
# Command line: vivado.exe -gui_launcher_event rodinguilauncherevent14896 C:\Users\Ziyueshi\Desktop\dig_clocklpx\dig_clock.xpr
# Log file: C:/Users/Ziyueshi/Desktop/dig_clocklpx/vivado.log
# Journal file: C:/Users/Ziyueshi/Desktop/dig_clocklpx\vivado.jou
#-----------------------------------------------------------
start_gui
open_project C:/Users/Ziyueshi/Desktop/dig_clocklpx/dig_clock.xpr
CRITICAL WARNING: [Project 1-19] Could not find the file 'C:/Users/Ziyueshi/Desktop/dig_clocklpx/dig_clock_tb_behav.wcfg'.
Scanning sources...
Finished scanning sources
WARNING: [filemgmt 56-3] impl_1 strategy "Vivado Implementation Defaults," step write_bitstream, attribute : Could not find the file 'C:/Users/Ziyueshi/Desktop/1.tcl'.
INFO: [IP_Flow 19-234] Refreshing IP repositories
INFO: [IP_Flow 19-1700] Loaded user IP repository 'c:/Users/Ziyueshi/Desktop/dig_clocklpx/bin2bcd'.
INFO: [IP_Flow 19-2313] Loaded Vivado IP repository 'D:/Vivado/2018.2/data/ip'.
update_compile_order -fileset sources_1
exit
INFO: [Common 17-206] Exiting Vivado at Sat May 21 22:51:34 2022...
