#-----------------------------------------------------------
# Vivado v2018.2 (64-bit)
# SW Build 2258646 on Thu Jun 14 20:03:12 MDT 2018
# IP Build 2256618 on Thu Jun 14 22:10:49 MDT 2018
# Start of session at: Sat May 21 14:02:50 2022
# Process ID: 21628
# Current directory: C:/Users/Ziyueshi/Desktop/dig_clocklpx
# Command line: vivado.exe -gui_launcher_event rodinguilauncherevent20476 C:\Users\Ziyueshi\Desktop\dig_clocklpx\dig_clock.xpr
# Log file: C:/Users/Ziyueshi/Desktop/dig_clocklpx/vivado.log
# Journal file: C:/Users/Ziyueshi/Desktop/dig_clocklpx\vivado.jou
#-----------------------------------------------------------
start_gui
open_project C:/Users/Ziyueshi/Desktop/dig_clocklpx/dig_clock.xpr
INFO: [Project 1-313] Project file moved from 'D:/Huawei Share/dig_clock' since last save.
CRITICAL WARNING: [Project 1-311] Could not find the file 'C:/Users/Ziyueshi/Desktop/dig_clocklpx/dig_clock_tb_behav.wcfg', nor could it be found using path 'D:/Huawei Share/dig_clock/dig_clock_tb_behav.wcfg'.
Scanning sources...
Finished scanning sources
WARNING: [filemgmt 56-2] impl_1 strategy "Vivado Implementation Defaults," step write_bitstream, attribute : Could not find the file 'C:/Users/Ziyueshi/Desktop/1.tcl', nor could it be found using path 'D:/Huawei Share/1.tcl'.
INFO: [IP_Flow 19-234] Refreshing IP repositories
INFO: [IP_Flow 19-1700] Loaded user IP repository 'c:/Users/Ziyueshi/Desktop/dig_clocklpx/bin2bcd'.
INFO: [IP_Flow 19-2313] Loaded Vivado IP repository 'D:/Vivado/2018.2/data/ip'.
open_project: Time (s): cpu = 00:00:10 ; elapsed = 00:00:05 . Memory (MB): peak = 836.805 ; gain = 121.145
update_compile_order -fileset sources_1
export_ip_user_files -of_objects  [get_files C:/Users/Ziyueshi/Desktop/dig_clocklpx/dig_clock.srcs/sources_1/new/xianshi.sv] -no_script -reset -force -quiet
remove_files  C:/Users/Ziyueshi/Desktop/dig_clocklpx/dig_clock.srcs/sources_1/new/xianshi.sv
remove_files  C:/Users/Ziyueshi/Desktop/dig_clocklpx/dig_clock.srcs/sources_1/new/xianshi.sv
WARNING: [Vivado 12-818] No files matched 'C:/Users/Ziyueshi/Desktop/dig_clocklpx/dig_clock.srcs/sources_1/new/xianshi.sv'
update_compile_order -fileset sources_1
exit
INFO: [Common 17-206] Exiting Vivado at Sat May 21 17:41:27 2022...
