#-----------------------------------------------------------
# Vivado v2018.2 (64-bit)
# SW Build 2258646 on Thu Jun 14 20:03:12 MDT 2018
# IP Build 2256618 on Thu Jun 14 22:10:49 MDT 2018
# Start of session at: Tue May 31 21:13:06 2022
# Process ID: 1452
# Current directory: C:/Users/Ziyueshi/vivado/dig_clock
# Command line: vivado.exe -gui_launcher_event rodinguilauncherevent18828 C:\Users\Ziyueshi\vivado\dig_clock\dig_clock.xpr
# Log file: C:/Users/Ziyueshi/vivado/dig_clock/vivado.log
# Journal file: C:/Users/Ziyueshi/vivado/dig_clock\vivado.jou
#-----------------------------------------------------------
start_gui
open_project C:/Users/Ziyueshi/vivado/dig_clock/dig_clock.xpr
CRITICAL WARNING: [Project 1-19] Could not find the file 'C:/Users/Ziyueshi/Desktop/3/dig_clock/dig_clock.srcs/sources_1/bin2bcd_0_1/bin2bcd_0.xci'.
Scanning sources...
Finished scanning sources
INFO: [IP_Flow 19-234] Refreshing IP repositories
INFO: [IP_Flow 19-1700] Loaded user IP repository 'c:/Users/Ziyueshi/vivado/dig_clock/bin2bcd'.
INFO: [IP_Flow 19-2313] Loaded Vivado IP repository 'D:/Vivado/2018.2/data/ip'.
ERROR: [IP_Flow 19-993] Could not find IP file for IP 'bin2bcd_0'.
CRITICAL WARNING: [IP_Flow 19-5097] Unable to determine VLNV from IP file; verify it has the correct syntax: 
open_project: Time (s): cpu = 00:00:08 ; elapsed = 00:00:06 . Memory (MB): peak = 769.605 ; gain = 110.262
ERROR: [Common 17-39] 'open_project' failed due to earlier errors.
update_compile_order -fileset sources_1
exit
INFO: [Common 17-206] Exiting Vivado at Tue May 31 21:29:40 2022...
