#-----------------------------------------------------------
# Vivado v2018.2 (64-bit)
# SW Build 2258646 on Thu Jun 14 20:03:12 MDT 2018
# IP Build 2256618 on Thu Jun 14 22:10:49 MDT 2018
# Start of session at: Sun May  8 08:05:28 2022
# Process ID: 17936
# Current directory: C:/Users/Ziyueshi/Desktop/大二下/数字设计/实验2/ALU_4bits
# Command line: vivado.exe -gui_launcher_event rodinguilauncherevent6296 C:\Users\Ziyueshi\Desktop\大二下\数字设计\实验2\ALU_4bits\ALU_4bits.xpr
# Log file: C:/Users/Ziyueshi/Desktop/大二下/数字设计/实验2/ALU_4bits/vivado.log
# Journal file: C:/Users/Ziyueshi/Desktop/大二下/数字设计/实验2/ALU_4bits\vivado.jou
#-----------------------------------------------------------
start_gui
open_project -read_only C:/Users/Ziyueshi/Desktop/大二下/数字设计/实验2/ALU_4bits/ALU_4bits.xpr
INFO: [Project 1-313] Project file moved from 'D:/Work/vivado_project/DLC/ALU_4bits' since last save.
Scanning sources...
Finished scanning sources
WARNING: [Project 1-229] Project 'ALU_4bits.xpr' is read-only and therefore could not be upgraded for this version of Vivado.  Use 'File | Save Project As...' if you wish to save an upgraded copy.
INFO: [IP_Flow 19-234] Refreshing IP repositories
INFO: [IP_Flow 19-1704] No user IP repositories specified
INFO: [IP_Flow 19-2313] Loaded Vivado IP repository 'D:/Vivado/2018.2/data/ip'.
update_compile_order -fileset sources_1
save_project_as ALU_4bits C:/Users/Ziyueshi/ALU_4bits -force
exit
INFO: [Common 17-206] Exiting Vivado at Sun May  8 08:08:08 2022...
