#-----------------------------------------------------------
# Vivado v2018.2 (64-bit)
# SW Build 2258646 on Thu Jun 14 20:03:12 MDT 2018
# IP Build 2256618 on Thu Jun 14 22:10:49 MDT 2018
# Start of session at: Thu Jun  2 19:11:17 2022
# Process ID: 14904
# Current directory: C:/Users/Ziyueshi/vivado/vend_machine
# Command line: vivado.exe -gui_launcher_event rodinguilauncherevent8688 C:\Users\Ziyueshi\vivado\vend_machine\vend_machine.xpr
# Log file: C:/Users/Ziyueshi/vivado/vend_machine/vivado.log
# Journal file: C:/Users/Ziyueshi/vivado/vend_machine\vivado.jou
#-----------------------------------------------------------
start_gui
open_project C:/Users/Ziyueshi/vivado/vend_machine/vend_machine.xpr
INFO: [Project 1-313] Project file moved from 'D:/Work/vivado_project/DLC/vend_machine' since last save.
Scanning sources...
Finished scanning sources
INFO: [Project 1-230] Project 'vend_machine.xpr' upgraded for this version of Vivado.
INFO: [IP_Flow 19-234] Refreshing IP repositories
INFO: [IP_Flow 19-1704] No user IP repositories specified
INFO: [IP_Flow 19-2313] Loaded Vivado IP repository 'D:/Vivado/2018.2/data/ip'.
open_project: Time (s): cpu = 00:00:13 ; elapsed = 00:00:08 . Memory (MB): peak = 768.055 ; gain = 71.711
update_compile_order -fileset sources_1
set_property  ip_repo_paths  C:/Users/Ziyueshi/vivado/vend_machine/bin2bcd [current_project]
update_ip_catalog
INFO: [IP_Flow 19-234] Refreshing IP repositories
INFO: [IP_Flow 19-1700] Loaded user IP repository 'c:/Users/Ziyueshi/vivado/vend_machine/bin2bcd'.
create_ip -name bin2bcd -vendor xilinx.com -library user -version 1.0 -module_name bin2bcd_0 -dir c:/Users/Ziyueshi/vivado/vend_machine/vend_machine.srcs/sources_1/ip
generate_target {instantiation_template} [get_files c:/Users/Ziyueshi/vivado/vend_machine/vend_machine.srcs/sources_1/ip/bin2bcd_0/bin2bcd_0.xci]
INFO: [IP_Flow 19-1686] Generating 'Instantiation Template' target for IP 'bin2bcd_0'...
update_compile_order -fileset sources_1
set_property generate_synth_checkpoint false [get_files  c:/Users/Ziyueshi/vivado/vend_machine/vend_machine.srcs/sources_1/ip/bin2bcd_0/bin2bcd_0.xci]
generate_target all [get_files  c:/Users/Ziyueshi/vivado/vend_machine/vend_machine.srcs/sources_1/ip/bin2bcd_0/bin2bcd_0.xci]
INFO: [IP_Flow 19-1686] Generating 'Instantiation Template' target for IP 'bin2bcd_0'...
INFO: [IP_Flow 19-1686] Generating 'Synthesis' target for IP 'bin2bcd_0'...
INFO: [IP_Flow 19-1686] Generating 'Simulation' target for IP 'bin2bcd_0'...
export_ip_user_files -of_objects [get_files c:/Users/Ziyueshi/vivado/vend_machine/vend_machine.srcs/sources_1/ip/bin2bcd_0/bin2bcd_0.xci] -no_script -sync -force -quiet
export_simulation -of_objects [get_files c:/Users/Ziyueshi/vivado/vend_machine/vend_machine.srcs/sources_1/ip/bin2bcd_0/bin2bcd_0.xci] -directory C:/Users/Ziyueshi/vivado/vend_machine/vend_machine.ip_user_files/sim_scripts -ip_user_files_dir C:/Users/Ziyueshi/vivado/vend_machine/vend_machine.ip_user_files -ipstatic_source_dir C:/Users/Ziyueshi/vivado/vend_machine/vend_machine.ip_user_files/ipstatic -lib_map_path [list {modelsim=C:/Users/Ziyueshi/vivado/vend_machine/vend_machine.cache/compile_simlib/modelsim} {questa=C:/Users/Ziyueshi/vivado/vend_machine/vend_machine.cache/compile_simlib/questa} {riviera=C:/Users/Ziyueshi/vivado/vend_machine/vend_machine.cache/compile_simlib/riviera} {activehdl=C:/Users/Ziyueshi/vivado/vend_machine/vend_machine.cache/compile_simlib/activehdl}] -use_ip_compiled_libs -force -quiet
close [ open C:/Users/Ziyueshi/vivado/vend_machine/vend_machine.srcs/sources_1/new/Edge_Test.sv w ]
add_files C:/Users/Ziyueshi/vivado/vend_machine/vend_machine.srcs/sources_1/new/Edge_Test.sv
update_compile_order -fileset sources_1
update_compile_order -fileset sources_1
close [ open C:/Users/Ziyueshi/vivado/vend_machine/vend_machine.srcs/sources_1/new/D.sv w ]
add_files C:/Users/Ziyueshi/vivado/vend_machine/vend_machine.srcs/sources_1/new/D.sv
update_compile_order -fileset sources_1
close [ open C:/Users/Ziyueshi/vivado/vend_machine/vend_machine.srcs/sources_1/new/Stater.sv w ]
add_files C:/Users/Ziyueshi/vivado/vend_machine/vend_machine.srcs/sources_1/new/Stater.sv
update_compile_order -fileset sources_1
update_compile_order -fileset sources_1
update_compile_order -fileset sources_1
exit
INFO: [Common 17-206] Exiting Vivado at Thu Jun  2 22:27:11 2022...
